  Functions.cpp
C:\Users\brian\source\repos\LeetCodeEasy\LeetCodeEasy\Functions.cpp(81,1): warning C4267: 'initializing': conversion from 'size_t' to 'int', possible loss of data
C:\Users\brian\source\repos\LeetCodeEasy\LeetCodeEasy\Functions.cpp(149,37): warning C4267: 'initializing': conversion from 'size_t' to 'int', possible loss of data
C:\Users\brian\source\repos\LeetCodeEasy\LeetCodeEasy\Functions.cpp(194,30): warning C4267: 'initializing': conversion from 'size_t' to 'uint8_t', possible loss of data
C:\Users\brian\source\repos\LeetCodeEasy\LeetCodeEasy\Functions.cpp(195,28): warning C4267: 'initializing': conversion from 'size_t' to 'int', possible loss of data
C:\Users\brian\source\repos\LeetCodeEasy\LeetCodeEasy\Functions.cpp(195,52): warning C4267: 'initializing': conversion from 'size_t' to 'int', possible loss of data
C:\Users\brian\source\repos\LeetCodeEasy\LeetCodeEasy\Functions.cpp(232,39): warning C4267: 'initializing': conversion from 'size_t' to 'int', possible loss of data
C:\Users\brian\source\repos\LeetCodeEasy\LeetCodeEasy\Functions.cpp(256,26): warning C4267: 'initializing': conversion from 'size_t' to 'int', possible loss of data
C:\Users\brian\source\repos\LeetCodeEasy\LeetCodeEasy\Functions.cpp(256,45): warning C4267: 'initializing': conversion from 'size_t' to 'int', possible loss of data
C:\Users\brian\source\repos\LeetCodeEasy\LeetCodeEasy\Functions.cpp(279,37): warning C4267: 'initializing': conversion from 'size_t' to 'int', possible loss of data
C:\Users\brian\source\repos\LeetCodeEasy\LeetCodeEasy\Functions.cpp(337,5): warning C4267: 'initializing': conversion from 'size_t' to 'int', possible loss of data
C:\Users\brian\source\repos\LeetCodeEasy\LeetCodeEasy\Functions.cpp(368,30): warning C4267: 'initializing': conversion from 'size_t' to 'int', possible loss of data
C:\Users\brian\source\repos\LeetCodeEasy\LeetCodeEasy\Functions.cpp(388,45): warning C4267: 'argument': conversion from 'size_t' to 'int', possible loss of data
C:\Users\brian\source\repos\LeetCodeEasy\LeetCodeEasy\Functions.cpp(393,52): warning C4267: 'initializing': conversion from 'size_t' to 'int', possible loss of data
C:\Users\brian\source\repos\LeetCodeEasy\LeetCodeEasy\Functions.cpp(434,26): warning C4267: 'initializing': conversion from 'size_t' to 'int', possible loss of data
C:\Users\brian\source\repos\LeetCodeEasy\LeetCodeEasy\Functions.cpp(435,26): warning C4267: 'initializing': conversion from 'size_t' to 'int', possible loss of data
C:\Users\brian\source\repos\LeetCodeEasy\LeetCodeEasy\Functions.cpp(563,46): warning C4267: 'initializing': conversion from 'size_t' to 'int', possible loss of data
C:\Users\brian\source\repos\LeetCodeEasy\LeetCodeEasy\Functions.cpp(720,5): warning C4267: 'initializing': conversion from 'size_t' to 'int', possible loss of data
C:\Users\brian\source\repos\LeetCodeEasy\LeetCodeEasy\Functions.cpp(797,22): warning C4267: 'return': conversion from 'size_t' to 'int', possible loss of data
C:\Users\brian\source\repos\LeetCodeEasy\LeetCodeEasy\Functions.cpp(920,30): warning C4267: 'initializing': conversion from 'size_t' to 'int', possible loss of data
C:\Users\brian\source\repos\LeetCodeEasy\LeetCodeEasy\Functions.cpp(920,56): warning C4267: 'initializing': conversion from 'size_t' to 'int', possible loss of data
C:\Users\brian\source\repos\LeetCodeEasy\LeetCodeEasy\Functions.cpp(1089,31): warning C4267: 'initializing': conversion from 'size_t' to 'int', possible loss of data
C:\Users\brian\source\repos\LeetCodeEasy\LeetCodeEasy\Functions.cpp(1098,46): warning C4267: 'initializing': conversion from 'size_t' to 'int', possible loss of data
C:\Users\brian\source\repos\LeetCodeEasy\LeetCodeEasy\Functions.cpp(1131,46): warning C4267: '*=': conversion from 'size_t' to 'int', possible loss of data
C:\Users\brian\source\repos\LeetCodeEasy\LeetCodeEasy\Functions.cpp(1205,28): warning C4267: 'initializing': conversion from 'size_t' to 'int', possible loss of data
C:\Users\brian\source\repos\LeetCodeEasy\LeetCodeEasy\Functions.cpp(1213,32): warning C4267: 'initializing': conversion from 'size_t' to 'int', possible loss of data
C:\Users\brian\source\repos\LeetCodeEasy\LeetCodeEasy\Functions.cpp(1223,23): warning C4267: 'initializing': conversion from 'size_t' to 'int', possible loss of data
C:\Users\brian\source\repos\LeetCodeEasy\LeetCodeEasy\Functions.cpp(1266,13): warning C4244: 'initializing': conversion from '__int64' to 'int', possible loss of data
C:\Users\brian\source\repos\LeetCodeEasy\LeetCodeEasy\Functions.cpp(1267,52): warning C4267: 'initializing': conversion from 'size_t' to 'int', possible loss of data
C:\Users\brian\source\repos\LeetCodeEasy\LeetCodeEasy\Functions.cpp(1438,45): warning C4267: 'argument': conversion from 'size_t' to 'int', possible loss of data
C:\Users\brian\source\repos\LeetCodeEasy\LeetCodeEasy\Functions.cpp(1438,81): warning C4267: 'argument': conversion from 'size_t' to 'int', possible loss of data
C:\Users\brian\source\repos\LeetCodeEasy\LeetCodeEasy\Functions.cpp(1460,5): warning C4267: 'initializing': conversion from 'size_t' to 'int', possible loss of data
C:\Users\brian\source\repos\LeetCodeEasy\LeetCodeEasy\Functions.cpp(1475,5): warning C4267: 'initializing': conversion from 'size_t' to 'int', possible loss of data
C:\Users\brian\source\repos\LeetCodeEasy\LeetCodeEasy\Functions.cpp(1665,29): warning C4267: 'initializing': conversion from 'size_t' to 'int', possible loss of data
C:\Users\brian\source\repos\LeetCodeEasy\LeetCodeEasy\Functions.cpp(1665,54): warning C4267: 'initializing': conversion from 'size_t' to 'int', possible loss of data
C:\Users\brian\source\repos\LeetCodeEasy\LeetCodeEasy\Functions.cpp(1691,15): warning C4244: 'return': conversion from 'double' to 'int', possible loss of data
C:\Users\brian\source\repos\LeetCodeEasy\LeetCodeEasy\Functions.cpp(1719,15): warning C4244: 'argument': conversion from 'time_t' to 'unsigned int', possible loss of data
C:\Users\brian\source\repos\LeetCodeEasy\LeetCodeEasy\Functions.cpp(1720,51): warning C4267: 'argument': conversion from 'size_t' to 'int', possible loss of data
C:\Users\brian\source\repos\LeetCodeEasy\LeetCodeEasy\Functions.cpp(1730,19): warning C4244: 'argument': conversion from 'time_t' to 'unsigned int', possible loss of data
C:\Users\brian\source\repos\LeetCodeEasy\LeetCodeEasy\Functions.cpp(1742,70): warning C4244: 'return': conversion from '__int64' to 'int', possible loss of data
C:\Users\brian\source\repos\LeetCodeEasy\LeetCodeEasy\Functions.cpp(1827,34): warning C4305: 'initializing': truncation from 'int' to 'uint16_t'
C:\Users\brian\source\repos\LeetCodeEasy\LeetCodeEasy\Functions.cpp(1827,25): warning C4309: 'initializing': truncation of constant value
C:\Users\brian\source\repos\LeetCodeEasy\LeetCodeEasy\Functions.cpp(1912,40): warning C4267: 'initializing': conversion from 'size_t' to 'int', possible loss of data
C:\Users\brian\source\repos\LeetCodeEasy\LeetCodeEasy\Functions.cpp(1912,65): warning C4267: 'initializing': conversion from 'size_t' to 'int', possible loss of data
C:\Users\brian\source\repos\LeetCodeEasy\LeetCodeEasy\Functions.cpp(1980,26): warning C4267: 'initializing': conversion from 'size_t' to 'int', possible loss of data
C:\Users\brian\source\repos\LeetCodeEasy\LeetCodeEasy\Functions.cpp(1980,48): warning C4267: 'initializing': conversion from 'size_t' to 'int', possible loss of data
C:\Users\brian\source\repos\LeetCodeEasy\LeetCodeEasy\Functions.cpp(2010,33): warning C4267: 'initializing': conversion from 'size_t' to 'int', possible loss of data
C:\Users\brian\source\repos\LeetCodeEasy\LeetCodeEasy\Functions.cpp(2051,79): warning C4267: 'argument': conversion from 'size_t' to 'int', possible loss of data
C:\Users\brian\source\repos\LeetCodeEasy\LeetCodeEasy\Functions.cpp(2068,32): warning C4267: 'initializing': conversion from 'size_t' to 'int', possible loss of data
C:\Users\brian\source\repos\LeetCodeEasy\LeetCodeEasy\Functions.cpp(2154,35): warning C4267: 'initializing': conversion from 'size_t' to 'int', possible loss of data
C:\Users\brian\source\repos\LeetCodeEasy\LeetCodeEasy\Functions.cpp(2157,33): warning C4267: 'initializing': conversion from 'size_t' to 'int', possible loss of data
C:\Users\brian\source\repos\LeetCodeEasy\LeetCodeEasy\Functions.cpp(2182,75): warning C4267: 'initializing': conversion from 'size_t' to 'int', possible loss of data
C:\Users\brian\source\repos\LeetCodeEasy\LeetCodeEasy\Functions.cpp(2352,23): warning C4267: 'initializing': conversion from 'size_t' to 'int', possible loss of data
C:\Users\brian\source\repos\LeetCodeEasy\LeetCodeEasy\Functions.cpp(2377,49): warning C4267: 'initializing': conversion from 'size_t' to 'int', possible loss of data
C:\Users\brian\source\repos\LeetCodeEasy\LeetCodeEasy\Functions.cpp(2405,28): warning C4267: 'initializing': conversion from 'size_t' to 'int', possible loss of data
C:\Users\brian\source\repos\LeetCodeEasy\LeetCodeEasy\Functions.cpp(2461,71): warning C4267: 'argument': conversion from 'size_t' to 'int', possible loss of data
C:\Users\brian\source\repos\LeetCodeEasy\LeetCodeEasy\Functions.cpp(2498,1): warning C4267: '=': conversion from 'size_t' to 'int', possible loss of data
C:\Users\brian\source\repos\LeetCodeEasy\LeetCodeEasy\Functions.cpp(2550,26): warning C4267: 'initializing': conversion from 'size_t' to 'int', possible loss of data
C:\Users\brian\source\repos\LeetCodeEasy\LeetCodeEasy\Functions.cpp(2550,48): warning C4267: 'initializing': conversion from 'size_t' to 'int', possible loss of data
C:\Users\brian\source\repos\LeetCodeEasy\LeetCodeEasy\Functions.cpp(2657,43): warning C4267: 'initializing': conversion from 'size_t' to 'int', possible loss of data
C:\Users\brian\source\repos\LeetCodeEasy\LeetCodeEasy\Functions.cpp(2679,35): warning C4267: 'initializing': conversion from 'size_t' to 'int', possible loss of data
C:\Users\brian\source\repos\LeetCodeEasy\LeetCodeEasy\Functions.cpp(2681,17): warning C4244: 'initializing': conversion from 'double' to 'int', possible loss of data
C:\Users\brian\source\repos\LeetCodeEasy\LeetCodeEasy\Functions.cpp(2681,40): warning C4244: 'initializing': conversion from 'double' to 'int', possible loss of data
C:\Users\brian\source\repos\LeetCodeEasy\LeetCodeEasy\Functions.cpp(2721,27): warning C4267: 'initializing': conversion from 'size_t' to 'int', possible loss of data
C:\Users\brian\source\repos\LeetCodeEasy\LeetCodeEasy\Functions.cpp(2721,50): warning C4267: 'initializing': conversion from 'size_t' to 'int', possible loss of data
C:\Users\brian\source\repos\LeetCodeEasy\LeetCodeEasy\Functions.cpp(2826,24): warning C4267: 'initializing': conversion from 'size_t' to 'int', possible loss of data
C:\Users\brian\source\repos\LeetCodeEasy\LeetCodeEasy\Functions.cpp(2847,30): warning C4267: 'initializing': conversion from 'size_t' to 'int', possible loss of data
C:\Users\brian\source\repos\LeetCodeEasy\LeetCodeEasy\Functions.cpp(2933,30): warning C4267: 'initializing': conversion from 'size_t' to 'int', possible loss of data
C:\Users\brian\source\repos\LeetCodeEasy\LeetCodeEasy\Functions.cpp(2960,25): warning C4267: 'initializing': conversion from 'size_t' to 'int', possible loss of data
C:\Users\brian\source\repos\LeetCodeEasy\LeetCodeEasy\Functions.cpp(2983,40): warning C4267: 'initializing': conversion from 'size_t' to 'int', possible loss of data
C:\Users\brian\source\repos\LeetCodeEasy\LeetCodeEasy\Functions.cpp(2983,65): warning C4267: 'initializing': conversion from 'size_t' to 'int', possible loss of data
C:\Users\brian\source\repos\LeetCodeEasy\LeetCodeEasy\Functions.cpp(2994,35): warning C4267: 'initializing': conversion from 'size_t' to 'int', possible loss of data
C:\Users\brian\source\repos\LeetCodeEasy\LeetCodeEasy\Functions.cpp(3022,27): warning C4267: 'initializing': conversion from 'size_t' to 'int', possible loss of data
C:\Users\brian\source\repos\LeetCodeEasy\LeetCodeEasy\Functions.cpp(3022,50): warning C4267: 'initializing': conversion from 'size_t' to 'int', possible loss of data
C:\Users\brian\source\repos\LeetCodeEasy\LeetCodeEasy\Functions.cpp(3540,49): warning C4267: 'initializing': conversion from 'size_t' to 'int', possible loss of data
C:\Users\brian\source\repos\LeetCodeEasy\LeetCodeEasy\Functions.cpp(3550,21): warning C4244: '+=': conversion from 'double' to 'int', possible loss of data
C:\Users\brian\source\repos\LeetCodeEasy\LeetCodeEasy\Functions.cpp(3553,31): warning C4244: 'argument': conversion from 'double' to 'int', possible loss of data
C:\Users\brian\source\repos\LeetCodeEasy\LeetCodeEasy\Functions.cpp(3574,5): warning C4267: 'initializing': conversion from 'size_t' to 'int', possible loss of data
C:\Users\brian\source\repos\LeetCodeEasy\LeetCodeEasy\Functions.cpp(3664,31): warning C4267: 'initializing': conversion from 'size_t' to 'int', possible loss of data
C:\Users\brian\source\repos\LeetCodeEasy\LeetCodeEasy\Functions.cpp(3747,5): warning C4267: 'initializing': conversion from 'size_t' to 'int', possible loss of data
C:\Users\brian\source\repos\LeetCodeEasy\LeetCodeEasy\Functions.cpp(3754,36): warning C4267: '=': conversion from 'size_t' to 'int', possible loss of data
C:\Users\brian\source\repos\LeetCodeEasy\LeetCodeEasy\Functions.cpp(3768,42): warning C4267: 'initializing': conversion from 'size_t' to 'int', possible loss of data
  LeetCodeEasy.vcxproj -> C:\Users\brian\source\repos\LeetCodeEasy\x64\Debug\LeetCodeEasy.exe
